2022-10-04 10:50:46,203 (program_1) INFO name before reversing the order shiva raj
2022-10-04 10:50:46,205 (program_1) INFO name after reversing the order jar avihs
2022-10-04 10:57:09,783 (program_2) INFO sequence of list data: ['3', ' 5', ' 7', ' 23']
2022-10-04 10:57:09,785 (program_2) INFO sequence of tuple data: ('3', ' 5', ' 7', ' 23')
2022-10-04 11:02:27,207 (program_3) INFO The first color from list:	Red
2022-10-04 11:02:27,208 (program_3) INFO The last color from list:	Black
2022-10-04 11:10:37,071 (program_4) INFO Return the absolute value of the argument.
2022-10-04 11:18:43,841 (program_5) INFO     
October 2022
Mo Tu We Th Fr Sa Su
                1  2
 3  4  5  6  7  8  9
10 11 12 13 14 15 16
17 18 19 20 21 22 23
24 25 26 27 28 29 30
31
2022-10-04 11:27:13,218 (program_6) INFO number of days between two dates is 9 days
2022-10-04 11:39:39,108 (program_7) INFO the number you're searching is avaiable
2022-10-04 12:11:14,711 (program_8) INFO histogram :***
2022-10-04 12:11:14,712 (program_8) INFO histogram :*****
2022-10-04 12:11:14,713 (program_8) INFO histogram :******
2022-10-04 12:16:18,106 (program_9) INFO 3578shivraj
2022-10-04 12:22:22,307 (program_10) INFO {'White', 'Black'}
2022-10-04 12:31:03,140 (program_11) INFO sample.txt is available in directory
2022-10-04 12:54:40,851 (program_13) INFO Number of cpus using: 8
2022-10-04 13:03:47,231 (program_15) INFO er.shivarajgowda@gmail.com
