2022-10-06 20:40:20,028 (program_1) INFO {8, 2, 5}
2022-10-06 20:40:35,442 (program_2) INFO {2, 5, 6}
2022-10-06 20:40:35,443 (program_2) INFO after iterating from loop: 2
2022-10-06 20:40:35,444 (program_2) INFO after iterating from loop: 5
2022-10-06 20:40:35,446 (program_2) INFO after iterating from loop: 6
2022-10-06 20:49:53,939 (program_3) INFO before updating set values: {3, 5, 7}
2022-10-06 20:49:53,940 (program_3) INFO after updating set values: {3, 5, 7, 75, 89}
2022-10-06 21:18:36,529 (program_4) INFO before removing set item: {2, 3, 5}
2022-10-06 21:21:16,618 (program_4) INFO before removing set item: {8, 3, 5}
2022-10-06 21:21:41,151 (program_4) INFO after removing set item: {8, 5}
2022-10-06 21:42:18,556 (program_5) INFO before removing set item: {4, 5, 6, 7}
2022-10-06 21:42:29,684 (program_5) INFO after removing set item: {4, 5, 7}
2022-10-07 11:59:53,120 (program_6) INFO set1: {1, 2, 3, 4, 5, 6, 7}
2022-10-07 11:59:53,121 (program_6) INFO set2: {3, 4, 5, 7, 8, 9}
2022-10-07 11:59:53,123 (program_6) INFO Intersection of given sets are {3, 4, 5, 7}
2022-10-07 11:59:59,612 (program_7) INFO set1: {1, 2, 3, 4, 5, 6, 7}
2022-10-07 11:59:59,614 (program_7) INFO set2: {3, 4, 5, 7, 8, 9}
2022-10-07 11:59:59,616 (program_7) INFO Union of given sets are {1, 2, 3, 4, 5, 6, 7, 8, 9}
2022-10-07 12:00:04,539 (program_8) INFO set1: {1, 2, 3, 4, 5, 6, 7}
2022-10-07 12:00:04,541 (program_8) INFO set2: {3, 4, 5, 7, 8, 9}
2022-10-07 12:00:04,542 (program_8) INFO Difference of given sets are {1, 2, 6}
2022-10-07 12:00:09,241 (program_9) INFO set1: {1, 2, 3, 4, 5, 6, 7}
2022-10-07 12:00:09,245 (program_9) INFO set2: {3, 4, 5, 7, 8, 9}
2022-10-07 12:00:09,246 (program_9) INFO Symmetric difference of given sets are {1, 2, 6, 8, 9}
2022-10-07 12:00:14,756 (program_10) INFO set details: {1, 3, 4, 5, 6, 7}
2022-10-07 12:00:17,720 (program_10) INFO cleared all the elements: set()
2022-10-07 12:00:24,075 (program_11) INFO Before adding the element: {1, 3, 4, 5, 6, 7}
2022-10-07 12:00:28,236 (program_11) INFO after adding elements: {1, 3, 4, 5, 6, 7}
2022-10-07 12:00:28,237 (program_11) INFO Before adding the element: frozenset({1, 3, 4, 5, 6, 7})
2022-10-07 12:00:32,973 (program_11) INFO You cannot add element in this set becaues it is forzen set
2022-10-07 12:00:32,973 (program_11) INFO after adding elements: frozenset({1, 3, 4, 5, 6, 7})
2022-10-07 12:00:38,422 (program_12) INFO set details {1, 2, 4, 5, 8, 9}
2022-10-07 12:00:38,423 (program_12) INFO maximum value: 9
2022-10-07 12:00:38,423 (program_12) INFO minimum value: 1